[0611/193908:INFO:(0)] WebCore is now online.
[0611/193908:INFO:(0)] Running Awesomium 1.7.3
[0611/194318:INFO:(0)] WebCore is now online.
[0611/194318:INFO:(0)] Running Awesomium 1.7.3
[0611/194427:INFO:(0)] WebCore is now online.
[0611/194427:INFO:(0)] Running Awesomium 1.7.3
[0611/194641:INFO:(0)] WebCore is now online.
[0611/194641:INFO:(0)] Running Awesomium 1.7.3
[0611/195026:INFO:(0)] WebCore is now online.
[0611/195026:INFO:(0)] Running Awesomium 1.7.3
[0611/200118:INFO:(0)] WebCore is now online.
[0611/200118:INFO:(0)] Running Awesomium 1.7.3
[0611/200849:INFO:(0)] WebCore is now online.
[0611/200849:INFO:(0)] Running Awesomium 1.7.3
[0611/221758:INFO:(0)] WebCore is now online.
[0611/221758:INFO:(0)] Running Awesomium 1.7.3
[0611/221853:INFO:(0)] WebCore is now online.
[0611/221853:INFO:(0)] Running Awesomium 1.7.3
[0611/222152:INFO:(0)] WebCore is now online.
[0611/222152:INFO:(0)] Running Awesomium 1.7.3
[0611/223118:INFO:(0)] WebCore is now online.
[0611/223118:INFO:(0)] Running Awesomium 1.7.3
[0611/223222:INFO:(0)] WebCore is now online.
[0611/223222:INFO:(0)] Running Awesomium 1.7.3
[0611/223247:ERROR:ipc_channel_win.cc(360)] pipe error: 232
[0612/173942:INFO:(0)] WebCore is now online.
[0612/173942:INFO:(0)] Running Awesomium 1.7.3
[0612/174512:INFO:(0)] WebCore is now online.
[0612/174512:INFO:(0)] Running Awesomium 1.7.3
[0612/174532:INFO:(0)] WebCore is now online.
[0612/174532:INFO:(0)] Running Awesomium 1.7.3
[0612/175501:INFO:(0)] WebCore is now online.
[0612/175501:INFO:(0)] Running Awesomium 1.7.3
[0612/175642:INFO:(0)] WebCore is now online.
[0612/175642:INFO:(0)] Running Awesomium 1.7.3
[0612/175957:INFO:(0)] WebCore is now online.
[0612/175957:INFO:(0)] Running Awesomium 1.7.3
[0612/180959:INFO:(0)] WebCore is now online.
[0612/180959:INFO:(0)] Running Awesomium 1.7.3
[0612/181148:INFO:(0)] WebCore is now online.
[0612/181148:INFO:(0)] Running Awesomium 1.7.3
[0612/182916:INFO:(0)] WebCore is now online.
[0612/182916:INFO:(0)] Running Awesomium 1.7.3
[0612/183133:INFO:(0)] WebCore is now online.
[0612/183133:INFO:(0)] Running Awesomium 1.7.3
[0612/184530:INFO:(0)] WebCore is now online.
[0612/184530:INFO:(0)] Running Awesomium 1.7.3
[0612/185926:INFO:(0)] WebCore is now online.
[0612/185926:INFO:(0)] Running Awesomium 1.7.3
[0612/190221:INFO:(0)] WebCore is now online.
[0612/190221:INFO:(0)] Running Awesomium 1.7.3
[0612/190437:INFO:(0)] WebCore is now online.
[0612/190437:INFO:(0)] Running Awesomium 1.7.3
[0612/190753:INFO:(0)] WebCore is now online.
[0612/190753:INFO:(0)] Running Awesomium 1.7.3
[0612/191306:INFO:(0)] WebCore is now online.
[0612/191306:INFO:(0)] Running Awesomium 1.7.3
[0612/191633:INFO:(0)] WebCore is now online.
[0612/191633:INFO:(0)] Running Awesomium 1.7.3
[0612/192527:INFO:(0)] WebCore is now online.
[0612/192527:INFO:(0)] Running Awesomium 1.7.3
[0612/192733:INFO:(0)] WebCore is now online.
[0612/192733:INFO:(0)] Running Awesomium 1.7.3
[0612/192825:INFO:(0)] WebCore is now online.
[0612/192825:INFO:(0)] Running Awesomium 1.7.3
[0612/192845:INFO:(0)] WebCore is now online.
[0612/192845:INFO:(0)] Running Awesomium 1.7.3
[0612/194456:INFO:(0)] WebCore is now online.
[0612/194456:INFO:(0)] Running Awesomium 1.7.3
[0612/194459:ERROR:ipc_channel_win.cc(360)] pipe error: 232
[0612/194506:INFO:(0)] WebCore is now online.
[0612/194506:INFO:(0)] Running Awesomium 1.7.3
[0612/194714:INFO:(0)] WebCore is now online.
[0612/194714:INFO:(0)] Running Awesomium 1.7.3
[0612/194757:INFO:(0)] WebCore is now online.
[0612/194757:INFO:(0)] Running Awesomium 1.7.3
[0612/194821:INFO:(0)] WebCore is now online.
[0612/194821:INFO:(0)] Running Awesomium 1.7.3
[0613/185505:INFO:(0)] WebCore is now online.
[0613/185505:INFO:(0)] Running Awesomium 1.7.3
[0613/185630:INFO:(0)] WebCore is now online.
[0613/185630:INFO:(0)] Running Awesomium 1.7.3
[0613/185946:INFO:(0)] WebCore is now online.
[0613/185946:INFO:(0)] Running Awesomium 1.7.3
[0613/190011:INFO:(0)] WebCore is now online.
[0613/190011:INFO:(0)] Running Awesomium 1.7.3
[0613/190334:INFO:(0)] WebCore is now online.
[0613/190334:INFO:(0)] Running Awesomium 1.7.3
[0613/190637:INFO:(0)] WebCore is now online.
[0613/190637:INFO:(0)] Running Awesomium 1.7.3
[0613/190844:INFO:(0)] WebCore is now online.
[0613/190844:INFO:(0)] Running Awesomium 1.7.3
[0613/191754:INFO:(0)] WebCore is now online.
[0613/191754:INFO:(0)] Running Awesomium 1.7.3
[0613/191828:INFO:(0)] WebCore is now online.
[0613/191828:INFO:(0)] Running Awesomium 1.7.3
[0613/192338:INFO:(0)] WebCore is now online.
[0613/192338:INFO:(0)] Running Awesomium 1.7.3
[0613/192346:INFO:(0)] WebCore is now online.
[0613/192346:INFO:(0)] Running Awesomium 1.7.3
[0614/193503:INFO:(0)] WebCore is now online.
[0614/193503:INFO:(0)] Running Awesomium 1.7.3
[0614/194200:INFO:(0)] WebCore is now online.
[0614/194200:INFO:(0)] Running Awesomium 1.7.3
[0614/195301:INFO:(0)] WebCore is now online.
[0614/195301:INFO:(0)] Running Awesomium 1.7.3
[0614/195426:INFO:(0)] WebCore is now online.
[0614/195426:INFO:(0)] Running Awesomium 1.7.3
[0617/145817:INFO:(0)] WebCore is now online.
[0617/145817:INFO:(0)] Running Awesomium 1.7.3
[0617/145854:INFO:(0)] WebCore is now online.
[0617/145854:INFO:(0)] Running Awesomium 1.7.3
[0617/150158:INFO:(0)] WebCore is now online.
[0617/150158:INFO:(0)] Running Awesomium 1.7.3
[0617/150401:INFO:(0)] WebCore is now online.
[0617/150401:INFO:(0)] Running Awesomium 1.7.3
[0620/182601:INFO:(0)] WebCore is now online.
[0620/182601:INFO:(0)] Running Awesomium 1.7.3
[0620/182703:INFO:(0)] WebCore is now online.
[0620/182703:INFO:(0)] Running Awesomium 1.7.3
[0620/183102:INFO:(0)] WebCore is now online.
[0620/183102:INFO:(0)] Running Awesomium 1.7.3
[0620/183338:INFO:(0)] WebCore is now online.
[0620/183338:INFO:(0)] Running Awesomium 1.7.3
[0620/184614:INFO:(0)] WebCore is now online.
[0620/184614:INFO:(0)] Running Awesomium 1.7.3
[0620/190810:INFO:(0)] WebCore is now online.
[0620/190810:INFO:(0)] Running Awesomium 1.7.3
[0620/191104:INFO:(0)] WebCore is now online.
[0620/191104:INFO:(0)] Running Awesomium 1.7.3
[0620/194504:INFO:(0)] WebCore is now online.
[0620/194504:INFO:(0)] Running Awesomium 1.7.3
[0620/194517:ERROR:ssl_client_socket_nss.cc(1529)] handshake with server www.ask.com:443 failed; NSS error code -12190, net_error -107
[0620/194517:ERROR:ssl_client_socket_nss.cc(1529)] handshake with server www.ask.com:443 failed; NSS error code -12286, net_error -113
[0620/194535:ERROR:ssl_client_socket_nss.cc(1529)] handshake with server www.ask.com:443 failed; NSS error code -12286, net_error -113
[0620/194544:ERROR:ssl_client_socket_nss.cc(1529)] handshake with server www.ask.com:443 failed; NSS error code -12286, net_error -113
[0620/194545:ERROR:ipc_channel_win.cc(360)] pipe error: 232
[0620/194831:INFO:(0)] WebCore is now online.
[0620/194831:INFO:(0)] Running Awesomium 1.7.3
[0620/195637:INFO:(0)] WebCore is now online.
[0620/195637:INFO:(0)] Running Awesomium 1.7.3
[0620/195714:INFO:(0)] WebCore is now online.
[0620/195714:INFO:(0)] Running Awesomium 1.7.3
[0620/200858:INFO:(0)] WebCore is now online.
[0620/200858:INFO:(0)] Running Awesomium 1.7.3
[0620/201035:INFO:(0)] WebCore is now online.
[0620/201035:INFO:(0)] Running Awesomium 1.7.3
[0621/135020:INFO:(0)] WebCore is now online.
[0621/135020:INFO:(0)] Running Awesomium 1.7.3
[0621/135110:ERROR:ssl_client_socket_nss.cc(1529)] handshake with server static.hotjar.com:443 failed; NSS error code -12190, net_error -107
[0621/135110:ERROR:ssl_client_socket_nss.cc(1529)] handshake with server static.hotjar.com:443 failed; NSS error code -12286, net_error -113
[0621/140117:INFO:(0)] WebCore is now online.
[0621/140117:INFO:(0)] Running Awesomium 1.7.3
[0622/234130:INFO:(0)] WebCore is now online.
[0622/234130:INFO:(0)] Running Awesomium 1.7.3
